{
  "RSpec": {
    "coverage": {
      "/home/margarita/rubygarage/bookstore/app/models/address.rb": [
        1,
        1,
        1,
        1,
        1,
        1,
        1,
        null,
        1,
        1,
        1,
        1,
        1,
        1,
        1,
        null
      ],
      "/home/margarita/rubygarage/bookstore/app/models/user.rb": [
        1,
        1,
        1,
        1,
        1,
        null,
        1,
        null,
        1,
        1,
        null,
        1,
        null,
        null,
        null,
        null,
        null,
        null,
        null,
        1,
        4,
        4,
        null,
        null,
        null,
        null,
        null,
        null,
        null,
        null
      ],
      "/home/margarita/rubygarage/bookstore/app/helpers/application_helper.rb": [
        1,
        null
      ],
      "/home/margarita/rubygarage/bookstore/app/helpers/carts_helper.rb": [
        1,
        1,
        3,
        1,
        null,
        4,
        null,
        null,
        null,
        1,
        3,
        null,
        null,
        1,
        25,
        null,
        null,
        1,
        37,
        null,
        null,
        1,
        17,
        3,
        null,
        14,
        null,
        null,
        null,
        1,
        2,
        null,
        null,
        1,
        5,
        null,
        null,
        1,
        2,
        2,
        2,
        null,
        null,
        null
      ],
      "/home/margarita/rubygarage/bookstore/app/helpers/checkouts_helper.rb": [
        1,
        1,
        3,
        null,
        null,
        1,
        1,
        null,
        null,
        1,
        1,
        null,
        null,
        1,
        1,
        null,
        null,
        1,
        1,
        null,
        null,
        1,
        1,
        null,
        null,
        1,
        1,
        null,
        null,
        1,
        2,
        null,
        null,
        1,
        1,
        null,
        null,
        1,
        1,
        null,
        null,
        1,
        1,
        null,
        null,
        1,
        1,
        null,
        null,
        1,
        1,
        null,
        null,
        1,
        1,
        null,
        null,
        1,
        2,
        1,
        null,
        1,
        null,
        null,
        null,
        1,
        1,
        null,
        null
      ],
      "/home/margarita/rubygarage/bookstore/app/controllers/address_controller.rb": [
        1,
        1,
        null,
        1,
        5,
        5,
        1,
        null,
        4,
        null,
        5,
        null,
        null,
        1,
        1,
        6,
        null,
        null,
        null,
        null,
        null,
        null,
        null,
        null
      ],
      "/home/margarita/rubygarage/bookstore/app/controllers/application_controller.rb": [
        1,
        1,
        1,
        1,
        null,
        1,
        124,
        null,
        null,
        1,
        3,
        3,
        null,
        null,
        1,
        4,
        null,
        null,
        null
      ],
      "/home/margarita/rubygarage/bookstore/app/controllers/authors_controller.rb": [
        1,
        1,
        1,
        null,
        null
      ],
      "/home/margarita/rubygarage/bookstore/app/controllers/books_controller.rb": [
        1,
        1,
        1,
        6,
        6,
        null,
        null
      ],
      "/home/margarita/rubygarage/bookstore/app/controllers/carts_controller.rb": [
        1,
        1,
        1,
        null,
        1,
        1,
        null,
        null,
        1,
        3,
        1,
        1,
        1,
        null,
        null,
        1,
        5,
        4,
        4,
        4,
        4,
        4,
        null,
        null,
        1,
        null,
        1,
        4,
        null,
        null
      ],
      "/home/margarita/rubygarage/bookstore/app/controllers/categories_controller.rb": [
        1,
        1,
        1,
        3,
        null,
        null
      ],
      "/home/margarita/rubygarage/bookstore/app/controllers/checkouts_controller.rb": [
        1,
        1,
        1,
        null,
        1,
        null,
        1,
        4,
        3,
        3,
        3,
        2,
        null,
        3,
        null,
        null,
        1,
        4,
        3,
        2,
        2,
        1,
        1,
        1,
        1,
        null,
        1,
        null,
        null,
        null,
        1,
        null,
        1,
        5,
        5,
        5,
        null,
        null
      ],
      "/home/margarita/rubygarage/bookstore/app/controllers/concerns/current_cart.rb": [
        1,
        1,
        1,
        2,
        2,
        1,
        null,
        null,
        null
      ],
      "/home/margarita/rubygarage/bookstore/app/controllers/home_controller.rb": [
        1,
        1,
        27,
        null,
        null,
        1,
        5,
        5,
        null,
        null
      ],
      "/home/margarita/rubygarage/bookstore/app/controllers/line_items_controller.rb": [
        1,
        1,
        1,
        null,
        1,
        11,
        11,
        9,
        9,
        4,
        4,
        null,
        4,
        null,
        null,
        1,
        2,
        2,
        2,
        null,
        null,
        1,
        1,
        13,
        null,
        null
      ],
      "/home/margarita/rubygarage/bookstore/app/controllers/orders_controller.rb": [
        1,
        1,
        1,
        3,
        3,
        null,
        null,
        1,
        null,
        null,
        1,
        null,
        null
      ],
      "/home/margarita/rubygarage/bookstore/app/controllers/rater_controller.rb": [
        1,
        null,
        1,
        2,
        1,
        1,
        1,
        null,
        1,
        null,
        null,
        null
      ],
      "/home/margarita/rubygarage/bookstore/app/controllers/ratings_controller.rb": [
        1,
        1,
        1,
        null,
        1,
        1,
        null,
        null,
        1,
        2,
        null,
        null,
        1,
        4,
        4,
        4,
        2,
        2,
        null,
        2,
        2,
        null,
        null,
        null,
        1,
        1,
        8,
        null,
        null
      ],
      "/home/margarita/rubygarage/bookstore/app/controllers/users/omniauth_callbacks_controller.rb": [
        1,
        1,
        3,
        3,
        1,
        1,
        1,
        null,
        2,
        2,
        null,
        null,
        null
      ],
      "/home/margarita/rubygarage/bookstore/app/decorators/book_decorator.rb": [
        1,
        1,
        null,
        1,
        26,
        null,
        null,
        1,
        27,
        null,
        null,
        1,
        27,
        null,
        null,
        null
      ],
      "/home/margarita/rubygarage/bookstore/app/models/book.rb": [
        1,
        null,
        1,
        null,
        1,
        null,
        1,
        1,
        1,
        1,
        null,
        1,
        null,
        1,
        null,
        28,
        null,
        1,
        null,
        1,
        2,
        null,
        null
      ],
      "/home/margarita/rubygarage/bookstore/app/decorators/rating_decorator.rb": [
        1,
        1,
        null,
        1,
        2,
        1,
        null,
        1,
        null,
        null,
        null,
        1,
        3,
        null,
        null,
        1,
        2,
        null,
        null,
        1,
        2,
        null,
        null,
        null
      ],
      "/home/margarita/rubygarage/bookstore/app/models/rating.rb": [
        1,
        1,
        1,
        null,
        1,
        null,
        1,
        1,
        1,
        1,
        null,
        7,
        null
      ],
      "/home/margarita/rubygarage/bookstore/app/models/author.rb": [
        1,
        1,
        1,
        null
      ],
      "/home/margarita/rubygarage/bookstore/app/models/average_cache.rb": [
        1,
        1,
        1,
        null
      ],
      "/home/margarita/rubygarage/bookstore/app/models/billing_address.rb": [
        1,
        1,
        null
      ],
      "/home/margarita/rubygarage/bookstore/app/models/cart.rb": [
        1,
        1,
        1,
        1,
        1,
        null,
        null,
        null,
        1,
        5,
        5,
        10,
        10,
        null,
        null,
        null,
        null
      ],
      "/home/margarita/rubygarage/bookstore/app/models/category.rb": [
        1,
        1,
        1,
        1,
        null
      ],
      "/home/margarita/rubygarage/bookstore/app/models/checkout.rb": [
        1,
        1,
        1,
        null,
        null,
        null,
        null,
        null,
        null,
        null,
        null,
        null,
        null,
        null,
        null,
        null,
        null,
        null,
        null,
        null,
        null,
        null,
        null,
        null,
        null,
        null,
        null,
        null,
        null,
        null,
        null,
        1,
        1,
        1,
        1,
        1,
        1,
        1,
        1,
        null,
        1,
        1,
        1,
        1,
        1,
        1,
        1,
        1,
        null,
        1,
        1,
        null,
        1,
        1,
        1,
        null,
        1,
        178,
        null,
        null,
        1,
        3,
        3,
        1,
        1,
        1,
        1,
        1,
        1,
        1,
        null,
        2,
        null,
        null,
        null,
        1,
        7,
        7,
        7,
        7,
        7,
        null,
        null,
        null,
        1,
        15,
        null,
        null,
        1,
        5,
        null,
        null,
        1,
        10,
        null,
        null,
        1,
        5,
        null,
        null,
        1,
        3,
        2,
        null,
        1,
        null,
        null,
        null,
        1,
        6,
        5,
        null,
        1,
        null,
        null,
        null,
        1,
        1,
        0,
        null,
        null,
        1,
        2,
        2,
        null,
        null,
        1,
        1,
        null,
        null,
        1,
        3,
        2,
        null,
        null,
        null,
        1,
        null,
        1,
        2,
        2,
        2,
        null,
        null,
        null,
        1,
        3,
        3,
        null,
        null,
        1,
        3,
        null,
        null,
        1,
        3,
        2,
        2,
        null,
        1,
        null,
        null,
        null,
        1,
        3,
        1,
        1,
        null,
        2,
        null,
        null,
        null,
        1,
        34,
        null,
        null,
        1,
        1,
        null,
        null,
        1,
        22,
        null,
        null,
        1,
        1,
        null,
        null,
        1,
        22,
        null,
        null,
        1,
        1,
        null,
        null,
        1,
        2,
        null,
        null,
        1,
        5,
        null,
        null,
        1,
        1,
        null,
        null
      ],
      "/home/margarita/rubygarage/bookstore/app/models/credit_card.rb": [
        1,
        1,
        1,
        null
      ],
      "/home/margarita/rubygarage/bookstore/app/models/delivery.rb": [
        1,
        1,
        1,
        1,
        1,
        null
      ],
      "/home/margarita/rubygarage/bookstore/app/models/line_item.rb": [
        1,
        1,
        1,
        null,
        1,
        null,
        null,
        null,
        null
      ],
      "/home/margarita/rubygarage/bookstore/app/models/order.rb": [
        1,
        1,
        1,
        1,
        1,
        1,
        null,
        1,
        1,
        null,
        null,
        1,
        1,
        null,
        null,
        null,
        1,
        1,
        1,
        1,
        1,
        1,
        1,
        null,
        1,
        null,
        1,
        1,
        1,
        null,
        1,
        0,
        null,
        null
      ],
      "/home/margarita/rubygarage/bookstore/app/models/shipping_address.rb": [
        1,
        1,
        null
      ],
      "/home/margarita/rubygarage/bookstore/app/models/ability.rb": [
        1,
        1,
        null,
        1,
        57,
        57,
        1,
        1,
        1,
        1,
        1,
        1,
        56,
        42,
        42,
        42,
        42,
        42,
        42,
        42,
        42,
        42,
        42,
        null,
        14,
        14,
        null,
        null,
        null
      ],
      "/home/margarita/rubygarage/bookstore/app/models/coupon.rb": [
        1,
        1,
        1,
        1,
        null
      ],
      "/home/margarita/rubygarage/bookstore/app/services/item_with_checking_quantity_service.rb": [
        1,
        1,
        7,
        7,
        7,
        null,
        null,
        1,
        7,
        7,
        4,
        null,
        7,
        null,
        null,
        1,
        null,
        1,
        7,
        null,
        null,
        1,
        4,
        null,
        null
      ],
      "/home/margarita/rubygarage/bookstore/app/services/set_less_quantity_service.rb": [
        1,
        1,
        2,
        2,
        null,
        null,
        1,
        2,
        1,
        1,
        null,
        1,
        null,
        null,
        null,
        1,
        null,
        1,
        1,
        null,
        null
      ],
      "/home/margarita/rubygarage/bookstore/app/models/rate.rb": [
        1,
        1,
        1,
        null
      ],
      "/home/margarita/rubygarage/bookstore/app/models/rating_cache.rb": [
        1,
        1,
        null
      ],
      "/home/margarita/rubygarage/bookstore/app/services/generate_users_instruments_service.rb": [
        1,
        1,
        9,
        null,
        null,
        1,
        9,
        9,
        null,
        9,
        9,
        null,
        9,
        9,
        null,
        null,
        null
      ],
      "/home/margarita/rubygarage/bookstore/app/controllers/users/registrations_controller.rb": [
        1,
        1,
        8,
        8,
        8,
        null,
        null,
        null
      ],
      "/home/margarita/rubygarage/bookstore/app/models/overall_average.rb": [
        0,
        0,
        0,
        0
      ]
    },
    "timestamp": 1472451689
  }
}
